[debug] [2026-06-02T05:42:08.376Z] ----------------------------------------------------------------------
[debug] [2026-06-02T05:42:08.378Z] Command:       C:\Program Files\nodejs\node.exe C:\Users\lnoal\AppData\Roaming\npm\node_modules\firebase-tools\lib\bin\firebase.js deploy --only functions
[debug] [2026-06-02T05:42:08.379Z] CLI Version:   15.19.0
[debug] [2026-06-02T05:42:08.379Z] Platform:      win32
[debug] [2026-06-02T05:42:08.379Z] Node Version:  v24.13.0
[debug] [2026-06-02T05:42:08.379Z] Time:          Tue Jun 02 2026 07:42:08 GMT+0200 (hora de verano de Europa central)
[debug] [2026-06-02T05:42:08.379Z] ----------------------------------------------------------------------
[debug] 
[debug] [2026-06-02T05:42:10.287Z] > command requires scopes: ["email","openid","https://www.googleapis.com/auth/cloudplatformprojects.readonly","https://www.googleapis.com/auth/firebase","https://www.googleapis.com/auth/cloud-platform"]
[debug] [2026-06-02T05:42:10.287Z] > authorizing via signed-in user (aesg.alexis@gmail.com)
[debug] [2026-06-02T05:42:10.287Z] [iam] checking project unatomo-c20a4 for permissions ["cloudfunctions.functions.create","cloudfunctions.functions.delete","cloudfunctions.functions.get","cloudfunctions.functions.list","cloudfunctions.functions.update","cloudfunctions.operations.get","firebase.projects.get"]
[debug] [2026-06-02T05:42:10.288Z] Checked if tokens are valid: false, expires at: 1780317472050
[debug] [2026-06-02T05:42:10.289Z] Checked if tokens are valid: false, expires at: 1780317472050
[debug] [2026-06-02T05:42:10.289Z] > refreshing access token with scopes: []
[debug] [2026-06-02T05:42:10.290Z] >>> [apiv2][query] POST https://www.googleapis.com/oauth2/v3/token [none]
[debug] [2026-06-02T05:42:10.290Z] >>> [apiv2][body] POST https://www.googleapis.com/oauth2/v3/token [omitted]
[debug] [2026-06-02T05:42:10.458Z] <<< [apiv2][status] POST https://www.googleapis.com/oauth2/v3/token 200
[debug] [2026-06-02T05:42:10.458Z] <<< [apiv2][body] POST https://www.googleapis.com/oauth2/v3/token [omitted]
[debug] [2026-06-02T05:42:10.467Z] >>> [apiv2][query] POST https://cloudresourcemanager.googleapis.com/v1/projects/unatomo-c20a4:testIamPermissions [none]
[debug] [2026-06-02T05:42:10.467Z] >>> [apiv2][(partial)header] POST https://cloudresourcemanager.googleapis.com/v1/projects/unatomo-c20a4:testIamPermissions  x-goog-user-project=unatomo-c20a4
[debug] [2026-06-02T05:42:10.468Z] >>> [apiv2][body] POST https://cloudresourcemanager.googleapis.com/v1/projects/unatomo-c20a4:testIamPermissions {"permissions":["cloudfunctions.functions.create","cloudfunctions.functions.delete","cloudfunctions.functions.get","cloudfunctions.functions.list","cloudfunctions.functions.update","cloudfunctions.operations.get","firebase.projects.get"]}
[debug] [2026-06-02T05:42:11.232Z] <<< [apiv2][status] POST https://cloudresourcemanager.googleapis.com/v1/projects/unatomo-c20a4:testIamPermissions 200
[debug] [2026-06-02T05:42:11.232Z] <<< [apiv2][body] POST https://cloudresourcemanager.googleapis.com/v1/projects/unatomo-c20a4:testIamPermissions {"permissions":["cloudfunctions.functions.create","cloudfunctions.functions.delete","cloudfunctions.functions.get","cloudfunctions.functions.list","cloudfunctions.functions.update","cloudfunctions.operations.get","firebase.projects.get"]}
[debug] [2026-06-02T05:42:11.232Z] Checked if tokens are valid: true, expires at: 1780382529458
[debug] [2026-06-02T05:42:11.233Z] Checked if tokens are valid: true, expires at: 1780382529458
[debug] [2026-06-02T05:42:11.233Z] >>> [apiv2][query] POST https://iam.googleapis.com/v1/projects/unatomo-c20a4/serviceAccounts/unatomo-c20a4@appspot.gserviceaccount.com:testIamPermissions [none]
[debug] [2026-06-02T05:42:11.233Z] >>> [apiv2][body] POST https://iam.googleapis.com/v1/projects/unatomo-c20a4/serviceAccounts/unatomo-c20a4@appspot.gserviceaccount.com:testIamPermissions {"permissions":["iam.serviceAccounts.actAs"]}
[debug] [2026-06-02T05:42:11.996Z] <<< [apiv2][status] POST https://iam.googleapis.com/v1/projects/unatomo-c20a4/serviceAccounts/unatomo-c20a4@appspot.gserviceaccount.com:testIamPermissions 200
[debug] [2026-06-02T05:42:11.996Z] <<< [apiv2][body] POST https://iam.googleapis.com/v1/projects/unatomo-c20a4/serviceAccounts/unatomo-c20a4@appspot.gserviceaccount.com:testIamPermissions {"permissions":["iam.serviceAccounts.actAs"]}
[info] 
[info] === Deploying to 'unatomo-c20a4'...
[info] 
[info] i  deploying functions 
[info] Running command: npm --prefix "$RESOURCE_DIR" run lint
[info] Running command: npm --prefix "$RESOURCE_DIR" run build
[info] +  functions: Finished running predeploy script. 
[debug] [2026-06-02T05:42:19.721Z] Checked if tokens are valid: true, expires at: 1780382529458
[debug] [2026-06-02T05:42:19.722Z] Checked if tokens are valid: true, expires at: 1780382529458
[debug] [2026-06-02T05:42:19.735Z] >>> [apiv2][query] GET https://cloudresourcemanager.googleapis.com/v1/projects/unatomo-c20a4 [none]
[debug] [2026-06-02T05:42:20.532Z] <<< [apiv2][status] GET https://cloudresourcemanager.googleapis.com/v1/projects/unatomo-c20a4 200
[debug] [2026-06-02T05:42:20.532Z] <<< [apiv2][body] GET https://cloudresourcemanager.googleapis.com/v1/projects/unatomo-c20a4 {"projectNumber":"856960214566","projectId":"unatomo-c20a4","lifecycleState":"ACTIVE","name":"unatomo","labels":{"firebase":"enabled","firebase-core":"disabled"},"createTime":"2025-12-20T12:21:59.903866Z"}
[info] i  functions: preparing codebase default for deployment 
[info] i  functions: ensuring required API cloudfunctions.googleapis.com is enabled... 
[info] i  functions: ensuring required API cloudbuild.googleapis.com is enabled... 
[info] i  artifactregistry: ensuring required API artifactregistry.googleapis.com is enabled... 
[debug] [2026-06-02T05:42:20.537Z] Checked if tokens are valid: true, expires at: 1780382529458
[debug] [2026-06-02T05:42:20.537Z] Checked if tokens are valid: true, expires at: 1780382529458
[debug] [2026-06-02T05:42:20.537Z] >>> [apiv2][query] GET https://firebase.googleapis.com/v1beta1/projects/unatomo-c20a4/adminSdkConfig [none]
[debug] [2026-06-02T05:42:21.145Z] <<< [apiv2][status] GET https://firebase.googleapis.com/v1beta1/projects/unatomo-c20a4/adminSdkConfig 200
[debug] [2026-06-02T05:42:21.145Z] <<< [apiv2][body] GET https://firebase.googleapis.com/v1beta1/projects/unatomo-c20a4/adminSdkConfig {"projectId":"unatomo-c20a4","storageBucket":"unatomo-c20a4.firebasestorage.app"}
[debug] [2026-06-02T05:42:21.148Z] Validating nodejs source
[warn] !  functions: package.json indicates an outdated version of firebase-functions. Please upgrade using npm install --save firebase-functions@latest in your functions directory. 
[debug] [2026-06-02T05:42:22.025Z] > [functions] package.json contents: {
  "name": "functions",
  "scripts": {
    "lint": "eslint --ext .js,.ts .",
    "build": "tsc",
    "build:watch": "tsc --watch",
    "serve": "npm run build && firebase emulators:start --only functions",
    "shell": "npm run build && firebase functions:shell",
    "start": "npm run shell",
    "deploy": "firebase deploy --only functions",
    "logs": "firebase functions:log"
  },
  "engines": {
    "node": "24"
  },
  "main": "lib/index.js",
  "dependencies": {
    "firebase-admin": "^13.6.0",
    "firebase-functions": "^7.0.0",
    "qrcode": "^1.5.4"
  },
  "devDependencies": {
    "@types/qrcode": "^1.5.6",
    "@typescript-eslint/eslint-plugin": "^5.12.0",
    "@typescript-eslint/parser": "^5.12.0",
    "eslint": "^8.9.0",
    "eslint-config-google": "^0.14.0",
    "eslint-plugin-import": "^2.25.4",
    "firebase-functions-test": "^3.4.1",
    "typescript": "^5.7.3"
  },
  "private": true
}
[debug] [2026-06-02T05:42:22.026Z] Building nodejs source
[info] i  functions: Loading and analyzing source code for codebase default to determine what to deploy 
[debug] [2026-06-02T05:42:22.026Z] Could not find functions.yaml. Must use http discovery
[debug] [2026-06-02T05:42:22.032Z] Found firebase-functions binary at 'C:\proyectos\unatomo\firebase\functions\node_modules\.bin\firebase-functions'
[info] Serving at port 8789

[debug] [2026-06-02T05:42:22.857Z] Got response from /__/functions.yaml {"endpoints":{"createAdminInvite":{"availableMemoryMb":null,"timeoutSeconds":null,"minInstances":null,"maxInstances":10,"ingressSettings":null,"concurrency":null,"serviceAccountEmail":null,"vpc":null,"platform":"gcfv2","labels":{},"callableTrigger":{},"entryPoint":"createAdminInvite"},"respondAdminInvite":{"availableMemoryMb":null,"timeoutSeconds":null,"minInstances":null,"maxInstances":10,"ingressSettings":null,"concurrency":null,"serviceAccountEmail":null,"vpc":null,"platform":"gcfv2","labels":{},"callableTrigger":{},"entryPoint":"respondAdminInvite"},"leaveAdminRole":{"availableMemoryMb":null,"timeoutSeconds":null,"minInstances":null,"maxInstances":10,"ingressSettings":null,"concurrency":null,"serviceAccountEmail":null,"vpc":null,"platform":"gcfv2","labels":{},"callableTrigger":{},"entryPoint":"leaveAdminRole"},"revokeAdminInvite":{"availableMemoryMb":null,"timeoutSeconds":null,"minInstances":null,"maxInstances":10,"ingressSettings":null,"concurrency":null,"serviceAccountEmail":null,"vpc":null,"platform":"gcfv2","labels":{},"callableTrigger":{},"entryPoint":"revokeAdminInvite"},"ensureAdminLink":{"availableMemoryMb":null,"timeoutSeconds":null,"minInstances":null,"maxInstances":10,"ingressSettings":null,"concurrency":null,"serviceAccountEmail":null,"vpc":null,"platform":"gcfv2","labels":{},"callableTrigger":{},"entryPoint":"ensureAdminLink"},"listControlPanelUsers":{"availableMemoryMb":null,"timeoutSeconds":null,"minInstances":null,"maxInstances":10,"ingressSettings":null,"concurrency":null,"serviceAccountEmail":null,"vpc":null,"platform":"gcfv2","labels":{},"callableTrigger":{},"entryPoint":"listControlPanelUsers"},"deleteControlPanelUser":{"availableMemoryMb":null,"timeoutSeconds":null,"minInstances":null,"maxInstances":10,"ingressSettings":null,"concurrency":null,"serviceAccountEmail":null,"vpc":null,"platform":"gcfv2","labels":{},"callableTrigger":{},"entryPoint":"deleteControlPanelUser"},"listControlPanelRegistrationCodes":{"availableMemoryMb":null,"timeoutSeconds":null,"minInstances":null,"maxInstances":10,"ingressSettings":null,"concurrency":null,"serviceAccountEmail":null,"vpc":null,"platform":"gcfv2","labels":{},"callableTrigger":{},"entryPoint":"listControlPanelRegistrationCodes"},"createControlPanelRegistrationCode":{"availableMemoryMb":null,"timeoutSeconds":null,"minInstances":null,"maxInstances":10,"ingressSettings":null,"concurrency":null,"serviceAccountEmail":null,"vpc":null,"platform":"gcfv2","labels":{},"callableTrigger":{},"entryPoint":"createControlPanelRegistrationCode"},"deleteControlPanelRegistrationCode":{"availableMemoryMb":null,"timeoutSeconds":null,"minInstances":null,"maxInstances":10,"ingressSettings":null,"concurrency":null,"serviceAccountEmail":null,"vpc":null,"platform":"gcfv2","labels":{},"callableTrigger":{},"entryPoint":"deleteControlPanelRegistrationCode"},"createMachineTagToken":{"availableMemoryMb":null,"timeoutSeconds":null,"minInstances":null,"maxInstances":10,"ingressSettings":null,"concurrency":null,"serviceAccountEmail":null,"vpc":null,"platform":"gcfv2","labels":{},"callableTrigger":{},"entryPoint":"createMachineTagToken"},"assignMachineTag":{"availableMemoryMb":null,"timeoutSeconds":null,"minInstances":null,"maxInstances":10,"ingressSettings":null,"concurrency":null,"serviceAccountEmail":null,"vpc":null,"platform":"gcfv2","labels":{},"callableTrigger":{},"entryPoint":"assignMachineTag"},"generateMachineTagQr":{"availableMemoryMb":null,"timeoutSeconds":null,"minInstances":null,"maxInstances":10,"ingressSettings":null,"concurrency":null,"serviceAccountEmail":null,"vpc":null,"platform":"gcfv2","labels":{},"callableTrigger":{},"entryPoint":"generateMachineTagQr"},"disconnectMachineTag":{"availableMemoryMb":null,"timeoutSeconds":null,"minInstances":null,"maxInstances":10,"ingressSettings":null,"concurrency":null,"serviceAccountEmail":null,"vpc":null,"platform":"gcfv2","labels":{},"callableTrigger":{},"entryPoint":"disconnectMachineTag"},"listControlPanelTags":{"availableMemoryMb":null,"timeoutSeconds":null,"minInstances":null,"maxInstances":10,"ingressSettings":null,"concurrency":null,"serviceAccountEmail":null,"vpc":null,"platform":"gcfv2","labels":{},"callableTrigger":{},"entryPoint":"listControlPanelTags"}},"specVersion":"v1alpha1","requiredAPIs":[],"extensions":{}}
